<?xml version="1.0" encoding="UTF-8"?>
<!-- Generated by org.testng.reporters.JUnitReportReporter -->
<testsuite hostname="DESKTOP-9QPUS56" name="test.com.CarTest" tests="1" failures="0" timestamp="16 Mar 2019 20:15:36 GMT" time="0.007" errors="0">
  <testcase name="validateModel" time="0.007" classname="test.com.CarTest"/>
</testsuite> <!-- test.com.CarTest -->
